<?xml version="1.0" encoding="UTF-8"?>
<!-- Generated by org.testng.reporters.JUnitXMLReporter -->
<testsuite ignored="0" hostname="EN310366" failures="2" tests="4" name="Command line test" time="76.825" errors="0" timestamp="2023-02-15T15:59:24 CET">
  <testcase classname="tests.database.DatabaseTest" name="testDatabase" time="21.248">
    <failure type="java.lang.AssertionError" message="Exception in method getUsername:Communications link failure

The last packet sent successfully to the server was 0 milliseconds ago. The driver has not received any packets from the server.">
      <![CDATA[java.lang.AssertionError: Exception in method getUsername:Communications link failure

The last packet sent successfully to the server was 0 milliseconds ago. The driver has not received any packets from the server.
at utils.DatabaseUtils.getUserID(DatabaseUtils.java:52)
at tests.database.DatabaseTest.testDatabase(DatabaseTest.java:59)
at java.base/java.util.ArrayList.forEach(ArrayList.java:1511)
... Removed 38 stack frames]]>
    </failure>
  </testcase> <!-- testDatabase -->
  <testcase classname="tests.login.LoginTest" name="testSuccessfulLoginLogout" time="13.8"/>
  <testcase classname="tests.login.LoginTest" name="testUnsuccessfulLoginWrongPassword" time="15.363"/>
  <testcase classname="tests.users.AddNewUserTest" name="testAddingNewUser" time="14.453">
    <failure type="java.lang.AssertionError" message="User &amp;apos;dedoje&amp;apos; is NOT present in Users Table! expected [true] but found [false]">
      <![CDATA[java.lang.AssertionError: User 'dedoje' is NOT present in Users Table! expected [true] but found [false]
at pages.UsersPage.getDisplayNameInUsersTable(UsersPage.java:159)
at tests.users.AddNewUserTest.testAddingNewUser(AddNewUserTest.java:67)
at java.base/java.util.ArrayList.forEach(ArrayList.java:1511)
... Removed 40 stack frames]]>
    </failure>
  </testcase> <!-- testAddingNewUser -->
</testsuite> <!-- Command line test -->
