<?xml version="1.0" encoding="UTF-8"?>
<!-- Generated by org.testng.reporters.JUnitXMLReporter -->
<testsuite ignored="3" hostname="EN310366" failures="0" tests="1" name="Login Tests" time="15.858" errors="0" timestamp="2022-11-14T23:09:40 CET">
  <testcase classname="tests.login.SuccessfulLoginLogout" name="testSuccessfulLoginLogout" time="5.607"/>
  <testcase classname="tests.login.LoginTest" name="testUnsuccessfulLoginWrongPassword" time="0.0">
    <ignored/>
  </testcase> <!-- testUnsuccessfulLoginWrongPassword -->
  <testcase classname="tests.login.LoginTest" name="testSuccessfulLoginLogout" time="0.0">
    <ignored/>
  </testcase> <!-- testSuccessfulLoginLogout -->
  <testcase classname="tests.login.UnsuccessfulLoginWrongPassword" name="testUnsuccessfulLoginWrongPassword" time="0.0">
    <ignored/>
  </testcase> <!-- testUnsuccessfulLoginWrongPassword -->
</testsuite> <!-- Login Tests -->
