<?xml version="1.0" encoding="UTF-8"?>
<testng-results ignored="3" total="4" passed="1" failed="0" skipped="0">
  <reporter-output>
  </reporter-output>
  <suite started-at="2022-11-14T23:09:24 CET" name="Sanity Suite" finished-at="2022-11-14T23:09:40 CET" duration-ms="15858">
    <groups>
      <group name="regression">
        <method signature="SuccessfulLoginLogout.testSuccessfulLoginLogout()[pri:0, instance:tests.login.SuccessfulLoginLogout@6ee6f53]" name="testSuccessfulLoginLogout" class="tests.login.SuccessfulLoginLogout"/>
      </group> <!-- regression -->
      <group name="sanity">
        <method signature="SuccessfulLoginLogout.testSuccessfulLoginLogout()[pri:0, instance:tests.login.SuccessfulLoginLogout@6ee6f53]" name="testSuccessfulLoginLogout" class="tests.login.SuccessfulLoginLogout"/>
      </group> <!-- sanity -->
      <group name="login">
        <method signature="SuccessfulLoginLogout.testSuccessfulLoginLogout()[pri:0, instance:tests.login.SuccessfulLoginLogout@6ee6f53]" name="testSuccessfulLoginLogout" class="tests.login.SuccessfulLoginLogout"/>
      </group> <!-- login -->
    </groups>
    <test started-at="2022-11-14T23:09:24 CET" name="Login Tests" finished-at="2022-11-14T23:09:40 CET" duration-ms="15858">
      <class name="tests.login.SuccessfulLoginLogout">
        <test-method is-config="true" signature="setupTest(org.testng.ITestContext)[pri:0, instance:tests.login.SuccessfulLoginLogout@6ee6f53]" started-at="2022-11-14T23:09:24 CET" name="setupTest" finished-at="2022-11-14T23:09:34 CET" duration-ms="9904" status="PASS">
          <params>
            <param index="0">
              <value>
                <![CDATA[org.testng.TestRunner@6ee660fb]]>
              </value>
            </param>
          </params>
          <reporter-output>
          </reporter-output>
        </test-method> <!-- setupTest -->
        <test-method signature="testSuccessfulLoginLogout()[pri:0, instance:tests.login.SuccessfulLoginLogout@6ee6f53]" started-at="2022-11-14T23:09:34 CET" name="testSuccessfulLoginLogout" finished-at="2022-11-14T23:09:39 CET" duration-ms="5607" status="PASS">
          <reporter-output>
          </reporter-output>
        </test-method> <!-- testSuccessfulLoginLogout -->
        <test-method is-config="true" signature="tearDownTest(org.testng.ITestResult)[pri:0, instance:tests.login.SuccessfulLoginLogout@6ee6f53]" started-at="2022-11-14T23:09:39 CET" name="tearDownTest" finished-at="2022-11-14T23:09:40 CET" duration-ms="265" status="PASS">
          <params>
            <param index="0">
              <value>
                <![CDATA[[TestResult name=testSuccessfulLoginLogout status=SUCCESS method=SuccessfulLoginLogout.testSuccessfulLoginLogout()[pri:0, instance:tests.login.SuccessfulLoginLogout@6ee6f53] output={null}]]]>
              </value>
            </param>
          </params>
          <reporter-output>
          </reporter-output>
        </test-method> <!-- tearDownTest -->
      </class> <!-- tests.login.SuccessfulLoginLogout -->
    </test> <!-- Login Tests -->
  </suite> <!-- Sanity Suite -->
</testng-results>
